
> frontend@0.0.0 dev
> vite --host 0.0.0.0


  VITE v8.0.3  ready in 122 ms

  ➜  Local:   http://localhost:5173/
  ➜  Network: http://172.16.10.73:5173/
12:24:13 AM [vite] (client) hmr update /src/index.css, /src/pages/ProjectsPage.tsx, /src/pages/PipelinePage.tsx, /src/pages/NewProjectPage.tsx, /src/pages/IdeationPage.tsx, /src/pages/IdeasPage.tsx
12:24:13 AM [vite] (client) hmr update /src/index.css, /src/pages/PipelinePage.tsx
12:24:19 AM [vite] (client) hmr update /src/index.css, /src/pages/PipelinePage.tsx
12:24:19 AM [vite] (client) hmr update /src/index.css, /src/pages/ProjectsPage.tsx, /src/pages/PipelinePage.tsx, /src/pages/NewProjectPage.tsx, /src/pages/IdeationPage.tsx, /src/pages/IdeasPage.tsx
12:24:20 AM [vite] (client) hmr update /src/index.css, /src/pages/PipelinePage.tsx
12:24:25 AM [vite] (client) hmr update /src/index.css, /src/pages/PipelinePage.tsx
12:24:36 AM [vite] (client) hmr update /src/index.css, /src/pages/PipelinePage.tsx
12:30:33 AM [vite] (client) hmr update /src/index.css, /src/pages/PipelinePage.tsx
12:33:53 AM [vite] (client) hmr update /src/index.css, /src/pages/DashboardPage.tsx
12:38:45 AM [vite] (client) hmr update /src/index.css, /src/pages/DashboardPage.tsx
12:56:44 AM [vite] (client) hmr update /src/index.css, /src/pages/NewProjectPage.tsx
12:56:47 AM [vite] (client) hmr update /src/index.css, /src/pages/NewProjectPage.tsx
1:08:11 AM [vite] (client) hmr update /src/index.css, /src/pages/PipelinePage.tsx
1:08:20 AM [vite] (client) hmr update /src/index.css, /src/pages/PipelinePage.tsx
1:08:26 AM [vite] (client) hmr update /src/index.css, /src/pages/PipelinePage.tsx
1:11:45 AM [vite] http proxy error: /api/v1/pipeline/7113a015-e9e2-45bf-9d51-6b398fe5883e/status
Error: getaddrinfo ENOTFOUND localhost
    at GetAddrInfoReqWrap.onlookupall [as oncomplete] (node:dns:122:26)
1:11:45 AM [vite] http proxy error: /api/v1/projects/a8c6df90-78a7-4b84-bedf-ecd4864b0c8c
Error: getaddrinfo ENOTFOUND localhost
    at GetAddrInfoReqWrap.onlookupall [as oncomplete] (node:dns:122:26)
1:23:09 AM [vite] (client) hmr update /src/index.css, /src/pages/PipelinePage.tsx
1:33:20 AM [vite] (client) hmr update /src/index.css, /src/pages/EditorPage.tsx
1:33:26 AM [vite] (client) hmr update /src/index.css, /src/pages/EditorPage.tsx
1:33:32 AM [vite] (client) hmr update /src/index.css, /src/pages/EditorPage.tsx
1:33:57 AM [vite] (client) hmr update /src/index.css, /src/pages/EditorPage.tsx
