2026-03-31 01:20:21.984 CDT [170321] LOG:  starting PostgreSQL 16.13 on x86_64-conda-linux-gnu, compiled by x86_64-conda-linux-gnu-cc (conda-forge gcc 14.3.0-18) 14.3.0, 64-bit
2026-03-31 01:20:21.984 CDT [170321] LOG:  listening on IPv4 address "127.0.0.1", port 5433
2026-03-31 01:20:21.987 CDT [170321] LOG:  listening on Unix socket "/tmp/.s.PGSQL.5433"
2026-03-31 01:20:21.992 CDT [170324] LOG:  database system was shut down at 2026-03-31 01:20:05 CDT
2026-03-31 01:20:21.997 CDT [170321] LOG:  database system is ready to accept connections
2026-03-31 01:25:22.091 CDT [170322] LOG:  checkpoint starting: time
2026-03-31 01:25:26.220 CDT [170322] LOG:  checkpoint complete: wrote 44 buffers (0.3%); 0 WAL file(s) added, 0 removed, 0 recycled; write=4.113 s, sync=0.006 s, total=4.129 s; sync files=11, longest=0.005 s, average=0.001 s; distance=257 kB, estimate=257 kB; lsn=0/14C3558, redo lsn=0/14C3520
2026-03-31 01:30:22.320 CDT [170322] LOG:  checkpoint starting: time
2026-03-31 01:31:52.311 CDT [170322] LOG:  checkpoint complete: wrote 899 buffers (5.5%); 0 WAL file(s) added, 0 removed, 0 recycled; write=89.964 s, sync=0.018 s, total=89.991 s; sync files=300, longest=0.002 s, average=0.001 s; distance=4054 kB, estimate=4054 kB; lsn=0/18B8FA8, redo lsn=0/18B8F70
2026-03-31 01:35:22.347 CDT [170322] LOG:  checkpoint starting: time
2026-03-31 01:35:38.813 CDT [170322] LOG:  checkpoint complete: wrote 165 buffers (1.0%); 0 WAL file(s) added, 0 removed, 0 recycled; write=16.444 s, sync=0.015 s, total=16.466 s; sync files=176, longest=0.003 s, average=0.001 s; distance=1092 kB, estimate=3758 kB; lsn=0/19E52F0, redo lsn=0/19C9FF8
2026-03-31 01:40:22.847 CDT [170322] LOG:  checkpoint starting: time
2026-03-31 01:40:26.292 CDT [170322] LOG:  checkpoint complete: wrote 35 buffers (0.2%); 0 WAL file(s) added, 0 removed, 0 recycled; write=3.422 s, sync=0.006 s, total=3.446 s; sync files=22, longest=0.004 s, average=0.001 s; distance=182 kB, estimate=3400 kB; lsn=0/19F7B90, redo lsn=0/19F7B58
2026-03-31 02:35:23.146 CDT [170322] LOG:  checkpoint starting: time
2026-03-31 02:35:24.667 CDT [170322] LOG:  checkpoint complete: wrote 16 buffers (0.1%); 0 WAL file(s) added, 0 removed, 0 recycled; write=1.508 s, sync=0.005 s, total=1.522 s; sync files=17, longest=0.003 s, average=0.001 s; distance=64 kB, estimate=3067 kB; lsn=0/1A07C90, redo lsn=0/1A07C58
2026-03-31 13:19:03.381 CDT [170321] LOG:  received smart shutdown request
2026-03-31 13:19:03.384 CDT [170321] LOG:  background worker "logical replication launcher" (PID 170327) exited with exit code 1
2026-03-31 13:19:03.384 CDT [170322] LOG:  shutting down
2026-03-31 13:19:03.389 CDT [170322] LOG:  checkpoint starting: shutdown immediate
2026-03-31 13:19:03.397 CDT [170322] LOG:  checkpoint complete: wrote 0 buffers (0.0%); 0 WAL file(s) added, 0 removed, 0 recycled; write=0.001 s, sync=0.001 s, total=0.013 s; sync files=0, longest=0.000 s, average=0.000 s; distance=0 kB, estimate=2760 kB; lsn=0/1A07D40, redo lsn=0/1A07D40
2026-03-31 13:19:03.404 CDT [170321] LOG:  database system is shut down
